[2022-05-31] 18:01:09: -------------------------------[ Slack ]--------------------------------

[2022-05-31] 18:01:09: Banco de Dados Conectado!

[2022-05-31] 18:01:09: Conectando ao Banco de Dados...

[2022-05-31] 18:01:09: ---------------------------[ Banco de Dados ]---------------------------

[2022-05-31] 18:01:26: [Slack] - Enviando mensagem para usuário...
[2022-05-31] 18:01:28: [Slack] - Mensagem enviada com sucesso!
[2022-05-31] 18:01:28: 
-----------------------------[ Computador ]-----------------------------

[2022-05-31] 18:01:28: Validando computador...
[2022-05-31] 18:01:32: Computador não existente na base de dados.
inserindo...

[2022-05-31] 18:01:33: [Azure] - Computador cadastrado com sucesso!!!
[2022-05-31] 18:01:33: 
-----------------------------[ Descrição ]------------------------------

[2022-05-31] 18:01:33: [Mysql] - Computador cadastrado com sucesso!!!
[2022-05-31] 18:01:34: Coletando dados para gerar pontuação
[2022-05-31] 18:01:38: Realizando insert na tabela Monitoramento...
[2022-05-31] 18:01:44: [Timer-3] WARN oshi.util.platform.windows.PerfCounterWildcardQuery - Disabling further attempts to query Processor Information.
[2022-05-31] 18:04:51: Banco de Dados Conectado!

[2022-05-31] 18:04:51: ---------------------------[ Banco de Dados ]---------------------------

[2022-05-31] 18:04:51: -------------------------------[ Slack ]--------------------------------

[2022-05-31] 18:04:51: Conectando ao Banco de Dados...

[2022-05-31] 18:05:11: [Slack] - Enviando mensagem para usuário...
[2022-05-31] 18:05:12: [Slack] - Mensagem enviada com sucesso!
[2022-05-31] 18:05:12: 
-----------------------------[ Computador ]-----------------------------

[2022-05-31] 18:05:12: Validando computador...
[2022-05-31] 18:05:15: 
Computador já existente na base de dados.

Bem-vindo de volta! \(^-^)/
[2022-05-31] 18:05:15: 
-----------------------------[ Descrição ]------------------------------

[2022-05-31] 18:05:16: Coletando dados para gerar pontuação
[2022-05-31] 18:05:20: Realizando insert na tabela Monitoramento...
[2022-05-31] 18:05:24: [Timer-1] WARN oshi.util.platform.windows.PerfCounterWildcardQuery - Disabling further attempts to query Processor Information.
[2022-05-31] 18:05:24: [Timer-3] WARN oshi.util.platform.windows.PerfCounterWildcardQuery - Disabling further attempts to query Processor Information.
[2022-05-31] 18:05:24: Coletando dados do processador...
[2022-05-31] 18:05:24: Coletando dados do processador...
[2022-05-31] 18:05:26: [Slack] - Enviando mensagem para usuário...
[2022-05-31] 18:05:27: [Slack] - Mensagem enviada com sucesso!
[2022-05-31] 18:05:27: [Azure] - Insert realizado na tabela Monitoramento!
[2022-05-31] 18:05:27: Coletando dados do processador...
[2022-05-31] 18:05:29: [Mysql] - Insert realizado na tabela Monitoramento!
[2022-05-31] 18:05:30: Realizando insert na tabela Monitoramento...
[2022-05-31] 18:05:32: Coletando dados do processador...
[2022-05-31] 18:05:34: Coletando dados do processador...
[2022-05-31] 18:05:35: [Azure] - Insert realizado na tabela Monitoramento!
[2022-05-31] 18:05:35: Coletando dados do processador...
[2022-05-31] 18:05:36: [Slack] - Enviando mensagem para usuário...
[2022-05-31] 18:05:37: [Slack] - Mensagem enviada com sucesso!
[2022-05-31] 18:05:37: [Mysql] - Insert realizado na tabela Monitoramento!
[2022-05-31] 18:05:40: Realizando insert na tabela Monitoramento...
[2022-05-31] 18:05:42: Coletando dados do processador...
[2022-05-31] 18:05:44: Coletando dados do processador...
[2022-05-31] 18:05:45: [Azure] - Insert realizado na tabela Monitoramento!
[2022-05-31] 18:05:45: Coletando dados do processador...
[2022-05-31] 18:05:46: [Slack] - Enviando mensagem para usuário...
[2022-05-31] 18:05:46: [Slack] - Mensagem enviada com sucesso!
[2022-05-31] 18:05:47: [Mysql] - Insert realizado na tabela Monitoramento!
[2022-05-31] 18:05:50: Realizando insert na tabela Monitoramento...
[2022-05-31] 18:05:52: Realizando insert na tabela Processo...
[2022-05-31] 18:05:52: Coletando dados do processador...
[2022-05-31] 18:05:54: [Azure] - Insert realizado na tabela Monitoramento!
[2022-05-31] 18:05:54: Coletando dados do processador...
[2022-05-31] 18:05:54: Coletando dados do processador...
[2022-05-31] 18:05:56: [Slack] - Enviando mensagem para usuário...
[2022-05-31] 18:05:56: [Mysql] - Insert realizado na tabela Monitoramento!
[2022-05-31] 18:05:57: [Slack] - Mensagem enviada com sucesso!
[2022-05-31] 18:05:57: [Azure] - Insert realizado na tabela Processo!
[2022-05-31] 18:06:00: Realizando insert na tabela Monitoramento...
[2022-05-31] 18:06:01: Coletando dados do processador...
[2022-05-31] 18:06:01: [Mysql] - Insert realizado na tabela Processo!
[2022-05-31] 18:06:03: Realizando insert na tabela Processo...
[2022-05-31] 18:06:03: [Azure] - Insert realizado na tabela Monitoramento!
[2022-05-31] 18:06:03: Coletando dados do processador...
[2022-05-31] 18:06:04: Coletando dados do processador...
[2022-05-31] 18:06:05: [Mysql] - Insert realizado na tabela Monitoramento!
[2022-05-31] 18:06:06: [Slack] - Enviando mensagem para usuário...
[2022-05-31] 18:06:06: [Slack] - Mensagem enviada com sucesso!
[2022-05-31] 18:06:07: [Azure] - Insert realizado na tabela Processo!
[2022-05-31] 18:06:10: Realizando insert na tabela Monitoramento...
[2022-05-31] 18:06:11: [Mysql] - Insert realizado na tabela Processo!
[2022-05-31] 18:06:12: Coletando dados do processador...
[2022-05-31] 18:06:13: Realizando insert na tabela Processo...
[2022-05-31] 18:06:14: Coletando dados do processador...
[2022-05-31] 18:06:14: [Azure] - Insert realizado na tabela Monitoramento!
[2022-05-31] 18:06:14: Coletando dados do processador...
[2022-05-31] 18:06:16: [Slack] - Enviando mensagem para usuário...
[2022-05-31] 18:06:16: [Mysql] - Insert realizado na tabela Monitoramento!
[2022-05-31] 18:06:16: [Slack] - Mensagem enviada com sucesso!
[2022-05-31] 18:06:18: [Azure] - Insert realizado na tabela Processo!
[2022-05-31] 18:06:20: Realizando insert na tabela Monitoramento...
[2022-05-31] 18:06:22: [Mysql] - Insert realizado na tabela Processo!
[2022-05-31] 18:06:22: Coletando dados do processador...
[2022-05-31] 18:06:23: Realizando insert na tabela Processo...
[2022-05-31] 18:06:24: Coletando dados do processador...
[2022-05-31] 18:06:25: [Azure] - Insert realizado na tabela Monitoramento!
[2022-05-31] 18:06:25: Coletando dados do processador...
[2022-05-31] 18:06:26: [Slack] - Enviando mensagem para usuário...
[2022-05-31] 18:06:26: [Slack] - Mensagem enviada com sucesso!
[2022-05-31] 18:06:27: [Mysql] - Insert realizado na tabela Monitoramento!
[2022-05-31] 18:06:27: [Azure] - Insert realizado na tabela Processo!
[2022-05-31] 18:06:30: Realizando insert na tabela Monitoramento...
[2022-05-31] 18:06:32: Coletando dados do processador...
[2022-05-31] 18:06:32: [Mysql] - Insert realizado na tabela Processo!
[2022-05-31] 18:06:33: Realizando insert na tabela Processo...
[2022-05-31] 18:06:34: [Azure] - Insert realizado na tabela Monitoramento!
[2022-05-31] 18:06:34: Coletando dados do processador...
[2022-05-31] 18:06:34: Coletando dados do processador...
[2022-05-31] 18:06:36: [Mysql] - Insert realizado na tabela Monitoramento!
[2022-05-31] 18:06:36: [Slack] - Enviando mensagem para usuário...
[2022-05-31] 18:06:36: [Slack] - Mensagem enviada com sucesso!
[2022-05-31] 18:06:39: [Azure] - Insert realizado na tabela Processo!
[2022-05-31] 18:06:40: Realizando insert na tabela Monitoramento...
[2022-05-31] 18:06:41: Coletando dados do processador...
[2022-05-31] 18:06:42: [Mysql] - Insert realizado na tabela Processo!
[2022-05-31] 18:06:43: Realizando insert na tabela Processo...
[2022-05-31] 18:06:43: [Azure] - Insert realizado na tabela Monitoramento!
[2022-05-31] 18:06:43: Coletando dados do processador...
[2022-05-31] 18:06:44: Coletando dados do processador...
[2022-05-31] 18:06:45: [Mysql] - Insert realizado na tabela Monitoramento!
[2022-05-31] 18:06:46: [Azure] - Insert realizado na tabela Processo!
[2022-05-31] 18:06:46: [Slack] - Enviando mensagem para usuário...
[2022-05-31] 18:06:46: [Slack] - Mensagem enviada com sucesso!
[2022-05-31] 18:06:49: [Mysql] - Insert realizado na tabela Processo!
[2022-05-31] 18:06:50: Realizando insert na tabela Processo...
[2022-05-31] 18:06:50: Realizando insert na tabela Monitoramento...
[2022-05-31] 18:06:51: Coletando dados do processador...
[2022-05-31] 18:06:53: [Azure] - Insert realizado na tabela Processo!
[2022-05-31] 18:06:53: [Azure] - Insert realizado na tabela Monitoramento!
[2022-05-31] 18:06:53: Coletando dados do processador...
[2022-05-31] 18:06:54: Coletando dados do processador...
[2022-05-31] 18:06:55: [Mysql] - Insert realizado na tabela Monitoramento!
[2022-05-31] 18:06:56: [Slack] - Enviando mensagem para usuário...
[2022-05-31] 18:06:56: [Slack] - Mensagem enviada com sucesso!
[2022-05-31] 18:06:57: [Mysql] - Insert realizado na tabela Processo!
[2022-05-31] 18:06:58: Realizando insert na tabela Processo...
[2022-05-31] 18:07:00: Realizando insert na tabela Monitoramento...
[2022-05-31] 18:07:01: Coletando dados do processador...
[2022-05-31] 18:07:02: [Azure] - Insert realizado na tabela Processo!
[2022-05-31] 18:07:04: Coletando dados do processador...
[2022-05-31] 18:07:04: [Azure] - Insert realizado na tabela Monitoramento!
[2022-05-31] 18:07:04: Coletando dados do processador...
[2022-05-31] 18:07:05: [Mysql] - Insert realizado na tabela Processo!
[2022-05-31] 18:07:05: Realizando insert na tabela Processo...
[2022-05-31] 18:07:06: [Slack] - Enviando mensagem para usuário...
[2022-05-31] 18:07:06: [Slack] - Mensagem enviada com sucesso!
[2022-05-31] 18:07:06: [Mysql] - Insert realizado na tabela Monitoramento!
[2022-05-31] 18:07:09: [Azure] - Insert realizado na tabela Processo!
[2022-05-31] 18:07:10: Realizando insert na tabela Monitoramento...
[2022-05-31] 18:07:12: [Mysql] - Insert realizado na tabela Processo!
[2022-05-31] 18:07:12: Coletando dados do processador...
[2022-05-31] 18:07:13: Realizando insert na tabela Processo...
[2022-05-31] 18:07:14: Coletando dados do processador...
[2022-05-31] 18:07:15: [Azure] - Insert realizado na tabela Monitoramento!
[2022-05-31] 18:07:15: Coletando dados do processador...
[2022-05-31] 18:07:16: [Slack] - Enviando mensagem para usuário...
[2022-05-31] 18:07:16: [Azure] - Insert realizado na tabela Processo!
[2022-05-31] 18:07:17: [Slack] - Mensagem enviada com sucesso!
[2022-05-31] 18:07:17: [Mysql] - Insert realizado na tabela Monitoramento!
[2022-05-31] 18:07:19: [Mysql] - Insert realizado na tabela Processo!
[2022-05-31] 18:07:20: Realizando insert na tabela Processo...
[2022-05-31] 18:07:20: Realizando insert na tabela Monitoramento...
[2022-05-31] 18:07:22: Coletando dados do processador...
[2022-05-31] 19:20:16: Conectando ao Banco de Dados...

[2022-05-31] 19:20:16: ---------------------------[ Banco de Dados ]---------------------------

[2022-05-31] 19:20:16: Banco de Dados Conectado!

[2022-05-31] 19:20:16: -------------------------------[ Slack ]--------------------------------

[2022-05-31] 19:20:21: [Slack] - Enviando mensagem para usuário...
[2022-05-31] 19:20:21: [Slack] - Mensagem enviada com sucesso!
[2022-05-31] 19:20:21: 
-----------------------------[ Computador ]-----------------------------

[2022-05-31] 19:20:21: Validando computador...
[2022-05-31] 19:20:23: 
Computador já existente na base de dados.

Bem-vindo de volta! \(^-^)/
[2022-05-31] 19:20:23: 
-----------------------------[ Descrição ]------------------------------

[2022-05-31] 19:20:24: Coletando dados para gerar pontuação
[2022-05-31] 19:20:28: Realizando insert na tabela Monitoramento...
[2022-05-31] 19:20:31: [Timer-1] WARN oshi.util.platform.windows.PerfCounterWildcardQuery - Disabling further attempts to query Processor Information.
[2022-05-31] 19:22:59: -------------------------------[ Slack ]--------------------------------

[2022-05-31] 19:22:59: ---------------------------[ Banco de Dados ]---------------------------

[2022-05-31] 19:22:59: Conectando ao Banco de Dados...

[2022-05-31] 19:22:59: Banco de Dados Conectado!

[2022-05-31] 19:23:03: [Slack] - Enviando mensagem para usuário...
[2022-05-31] 19:23:04: [Slack] - Mensagem enviada com sucesso!
[2022-05-31] 19:23:04: Validando computador...
[2022-05-31] 19:23:04: 
-----------------------------[ Computador ]-----------------------------

[2022-05-31] 19:23:06: 
Computador já existente na base de dados.

Bem-vindo de volta! \(^-^)/
[2022-05-31] 19:23:06: 
-----------------------------[ Descrição ]------------------------------

[2022-05-31] 19:23:07: Coletando dados para gerar pontuação
[2022-05-31] 19:23:11: Realizando insert na tabela Monitoramento...
[2022-05-31] 19:27:27: -------------------------------[ Slack ]--------------------------------

[2022-05-31] 19:27:27: ---------------------------[ Banco de Dados ]---------------------------

[2022-05-31] 19:27:27: Banco de Dados Conectado!

[2022-05-31] 19:27:27: Conectando ao Banco de Dados...

[2022-05-31] 19:27:32: [Slack] - Enviando mensagem para usuário...
[2022-05-31] 19:27:32: [Slack] - Mensagem enviada com sucesso!
[2022-05-31] 19:27:32: 
-----------------------------[ Computador ]-----------------------------

[2022-05-31] 19:27:32: Validando computador...
[2022-05-31] 19:27:35: 
Computador já existente na base de dados.

Bem-vindo de volta! \(^-^)/
[2022-05-31] 19:27:35: 
-----------------------------[ Descrição ]------------------------------

[2022-05-31] 19:27:36: Coletando dados para gerar pontuação
[2022-05-31] 19:27:40: Realizando insert na tabela Monitoramento...
[2022-05-31] 19:29:36: Banco de Dados Conectado!

[2022-05-31] 19:29:36: Conectando ao Banco de Dados...

[2022-05-31] 19:29:36: -------------------------------[ Slack ]--------------------------------

[2022-05-31] 19:29:36: ---------------------------[ Banco de Dados ]---------------------------

[2022-05-31] 19:29:40: [Slack] - Enviando mensagem para usuário...
[2022-05-31] 19:29:41: [Slack] - Mensagem enviada com sucesso!
[2022-05-31] 19:29:41: 
-----------------------------[ Computador ]-----------------------------

[2022-05-31] 19:29:41: Validando computador...
[2022-05-31] 19:29:43: 
Computador já existente na base de dados.

Bem-vindo de volta! \(^-^)/
[2022-05-31] 19:29:43: 
-----------------------------[ Descrição ]------------------------------

[2022-05-31] 19:29:44: Coletando dados para gerar pontuação
[2022-05-31] 19:34:16: Conectando ao Banco de Dados...

[2022-05-31] 19:34:16: Banco de Dados Conectado!

[2022-05-31] 19:34:16: -------------------------------[ Slack ]--------------------------------

[2022-05-31] 19:34:16: ---------------------------[ Banco de Dados ]---------------------------

[2022-05-31] 19:34:20: [Slack] - Enviando mensagem para usuário...
[2022-05-31] 19:34:20: [Slack] - Mensagem enviada com sucesso!
[2022-05-31] 19:34:20: 
-----------------------------[ Computador ]-----------------------------

[2022-05-31] 19:34:20: Validando computador...
[2022-05-31] 19:34:23: 
Computador já existente na base de dados.

Bem-vindo de volta! \(^-^)/
[2022-05-31] 19:34:23: 
-----------------------------[ Descrição ]------------------------------

[2022-05-31] 19:34:24: Coletando dados para gerar pontuação
[2022-05-31] 19:34:28: Realizando insert na tabela Monitoramento...
[2022-05-31] 19:34:30: [Timer-1] WARN oshi.util.platform.windows.PerfCounterWildcardQuery - Disabling further attempts to query Processor Information.
[2022-05-31] 19:34:30: Coletando dados do processador...
[2022-05-31] 19:34:32: Coletando dados do processador...
[2022-05-31] 19:34:33: [Azure] - Insert realizado na tabela Monitoramento!
[2022-05-31] 19:34:33: Coletando dados do processador...
[2022-05-31] 19:34:34: [Slack] - Enviando mensagem para usuário...
[2022-05-31] 19:34:34: [Slack] - Mensagem enviada com sucesso!
[2022-05-31] 19:34:35: [Mysql] - Insert realizado na tabela Monitoramento!
[2022-05-31] 19:34:38: Realizando insert na tabela Monitoramento...
[2022-05-31] 19:34:38: Coletando dados do processador...
[2022-05-31] 19:34:41: [Azure] - Insert realizado na tabela Monitoramento!
[2022-05-31] 19:34:41: Coletando dados do processador...
[2022-05-31] 19:34:42: Coletando dados do processador...
[2022-05-31] 19:34:43: [Mysql] - Insert realizado na tabela Monitoramento!
[2022-05-31] 19:34:44: [Slack] - Enviando mensagem para usuário...
[2022-05-31] 19:34:44: [Slack] - Mensagem enviada com sucesso!
[2022-05-31] 19:34:48: Realizando insert na tabela Monitoramento...
